<?xml version="1.0" encoding="UTF-8"?>
<!-- Generated by org.testng.reporters.JUnitReportReporter -->
<testsuite hostname="Ranjith" name="ranjith1.Test1" tests="2" failures="0" timestamp="26 May 2017 05:11:05 GMT" time="0.047" errors="0">
  <testcase name="create_cust" time="0.016" classname="ranjith1.Test1"/>
  <testcase name="asdfalk" time="0.031" classname="ranjith1.Test1"/>
</testsuite> <!-- ranjith1.Test1 -->
