<?xml version="1.0" encoding="UTF-8"?>
<!-- Generated by org.testng.reporters.JUnitReportReporter -->
<testsuite hostname="Ranjith" name="ranjith1.Test1" tests="1" failures="0" timestamp="4 Jan 2017 05:56:42 GMT" time="0.016" errors="0">
  <testcase name="create_cust" time="0.016" classname="ranjith1.Test1"/>
</testsuite> <!-- ranjith1.Test1 -->
